<?xml version="1.0" encoding="UTF-8"?>
<testng-results skipped="0" failed="0" total="1" passed="1">
  <reporter-output>
  </reporter-output>
  <suite name="Default suite" duration-ms="2915" started-at="2023-04-17T16:32:24Z" finished-at="2023-04-17T16:32:27Z">
    <groups>
    </groups>
    <test name="Default test" duration-ms="2915" started-at="2023-04-17T16:32:24Z" finished-at="2023-04-17T16:32:27Z">
      <class name="restAPI.TC02_Delete">
        <test-method status="PASS" signature="TC03_Delete_Data()[pri:0, instance:restAPI.TC02_Delete@724af044]" name="TC03_Delete_Data" duration-ms="2898" started-at="2023-04-17T23:32:24Z" finished-at="2023-04-17T23:32:27Z">
          <reporter-output>
          </reporter-output>
        </test-method> <!-- TC03_Delete_Data -->
      </class> <!-- restAPI.TC02_Delete -->
    </test> <!-- Default test -->
  </suite> <!-- Default suite -->
</testng-results>
